<?xml version="1.0" encoding="UTF-8"?>
<testsuite name="net.koast.hexagonalarchitecture.HexagonalarchitectureApplicationTests" tests="1" skipped="0" failures="0" errors="0" timestamp="2023-12-25T20:35:27" hostname="DESKTOP-T7BMBM7" time="0.992">
  <properties/>
  <testcase name="contextLoads()" classname="net.koast.hexagonalarchitecture.HexagonalarchitectureApplicationTests" time="0.992"/>
  <system-out><![CDATA[05:35:24.908 [Test worker] INFO org.springframework.test.context.support.AnnotationConfigContextLoaderUtils -- Could not detect default configuration classes for test class [net.koast.hexagonalarchitecture.HexagonalarchitectureApplicationTests]: HexagonalarchitectureApplicationTests does not declare any static, non-private, non-final, nested classes annotated with @Configuration.
05:35:25.039 [Test worker] INFO org.springframework.boot.test.context.SpringBootTestContextBootstrapper -- Found @SpringBootConfiguration net.koast.hexagonalarchitecture.HexagonalarchitectureApplication for test class net.koast.hexagonalarchitecture.HexagonalarchitectureApplicationTests

  .   ____          _            __ _ _
 /\\ / ___'_ __ _ _(_)_ __  __ _ \ \ \ \
( ( )\___ | '_ | '_| | '_ \/ _` | \ \ \ \
 \\/  ___)| |_)| | | | | || (_| |  ) ) ) )
  '  |____| .__|_| |_|_| |_\__, | / / / /
 =========|_|==============|___/=/_/_/_/
 :: Spring Boot ::       (v3.2.2-SNAPSHOT)

2023-12-26T05:35:25.531+09:00  INFO 16716 --- [    Test worker] .h.HexagonalarchitectureApplicationTests : Starting HexagonalarchitectureApplicationTests using Java 17.0.9 with PID 16716 (started by user in C:\repository\hexagonalarchitecture)
2023-12-26T05:35:25.533+09:00  INFO 16716 --- [    Test worker] .h.HexagonalarchitectureApplicationTests : No active profile set, falling back to 1 default profile: "default"
2023-12-26T05:35:27.136+09:00  INFO 16716 --- [    Test worker] .h.HexagonalarchitectureApplicationTests : Started HexagonalarchitectureApplicationTests in 1.873 seconds (process running for 3.305)
]]></system-out>
  <system-err><![CDATA[]]></system-err>
</testsuite>
